  Uic'ing billingtabwidget.ui...
  Uic'ing BorneDialog.ui...
  Uic'ing ImageWidget.ui...
  Uic'ing QtGuiApplication2.ui...
  Uic'ing WidgetFirstTab.ui...
  Rcc'ing QtGuiApplication2.qrc...
  Moc'ing QtGuiApplication2.h...
  Moc'ing WidgetFirstTab.h...
  Moc'ing ImageWidget.h...
  Moc'ing billingtabwidget.h...
  Moc'ing BorneDialog.h...
  Moc'ing Model.h...
  billingtabwidget.cpp
  Borne.cpp
  BorneDialog.cpp
  ImageWidget.cpp
  main.cpp
  Model.cpp
  mustache.cpp
  QtGuiApplication2.cpp
  WidgetFirstTab.cpp
  qrc_QtGuiApplication2.cpp
  moc_QtGuiApplication2.cpp
  moc_WidgetFirstTab.cpp
  moc_ImageWidget.cpp
  moc_billingtabwidget.cpp
  moc_BorneDialog.cpp
  moc_Model.cpp
  QtGuiApplication2.vcxproj -> D:\Github\App_C++\x64\Debug\QtGuiApplication2.exe
